--------------------------------------------------------------------------------
Release 9.1i Trace 
Copyright (c) 1995-2007 Xilinx, Inc.  All rights reserved.

C:\Xilinx91i\bin\nt\trce.exe -ise F:/cpufinal/cpufinal.ise -intstyle ise -e 3
-s 4 -xml cpu cpu.ncd -o cpu.twr cpu.pcf -ucf huming.ucf

Design file:              cpu.ncd
Physical constraint file: cpu.pcf
Device,package,speed:     xc3s500e,pq208,-4 (PRODUCTION 1.26 2006-10-19)
Report level:             error report

Environment Variable      Effect 
--------------------      ------ 
NONE                      No environment variables were set
--------------------------------------------------------------------------------

INFO:Timing:2698 - No timing constraints found, doing default enumeration.
INFO:Timing:2752 - To get complete path coverage, use the unconstrained paths 
   option. All paths that are not constrained will be reported in the 
   unconstrained paths section(s) of the report.
INFO:Timing:3339 - The clock-to-out numbers in this timing report are based on 
   a 50 Ohm transmission line loading model.  For the details of this model, 
   and for more information on accounting for different loading conditions, 
   please see the device datasheet.



Data Sheet report:
-----------------
All values displayed in nanoseconds (ns)

Clock clk to Pad
-------------+------------+------------------+--------+
             | clk (edge) |                  | Clock  |
Destination  |   to PAD   |Internal Clock(s) | Phase  |
-------------+------------+------------------+--------+
DBUS<0>      |   20.443(R)|clk_BUFGP         |   0.000|
DBUS<1>      |   20.151(R)|clk_BUFGP         |   0.000|
DBUS<2>      |   20.976(R)|clk_BUFGP         |   0.000|
DBUS<3>      |   19.848(R)|clk_BUFGP         |   0.000|
DBUS<4>      |   19.827(R)|clk_BUFGP         |   0.000|
DBUS<5>      |   20.130(R)|clk_BUFGP         |   0.000|
DBUS<6>      |   19.536(R)|clk_BUFGP         |   0.000|
DBUS<7>      |   19.256(R)|clk_BUFGP         |   0.000|
DBUS<8>      |   16.635(R)|clk_BUFGP         |   0.000|
DBUS<9>      |   16.672(R)|clk_BUFGP         |   0.000|
DBUS<10>     |   16.665(R)|clk_BUFGP         |   0.000|
DBUS<11>     |   16.425(R)|clk_BUFGP         |   0.000|
DBUS<12>     |   16.686(R)|clk_BUFGP         |   0.000|
DBUS<13>     |   17.008(R)|clk_BUFGP         |   0.000|
DBUS<14>     |   16.941(R)|clk_BUFGP         |   0.000|
DBUS<15>     |   17.262(R)|clk_BUFGP         |   0.000|
nBLE         |   17.923(R)|clk_BUFGP         |   0.000|
nMREQ        |   16.822(R)|clk_BUFGP         |   0.000|
nRD          |   13.355(R)|clk_BUFGP         |   0.000|
nWR          |   18.979(R)|clk_BUFGP         |   0.000|
tempPCout<0> |    9.080(F)|clk_BUFGP         |   0.000|
tempPCout<1> |    8.904(F)|clk_BUFGP         |   0.000|
tempPCout<2> |    8.840(F)|clk_BUFGP         |   0.000|
tempPCout<3> |    8.989(F)|clk_BUFGP         |   0.000|
tempPCout<4> |    8.636(F)|clk_BUFGP         |   0.000|
tempPCout<5> |    9.104(F)|clk_BUFGP         |   0.000|
tempPCout<6> |    8.958(F)|clk_BUFGP         |   0.000|
tempPCout<7> |    8.881(F)|clk_BUFGP         |   0.000|
tempPCout<8> |    9.124(F)|clk_BUFGP         |   0.000|
tempPCout<9> |    9.054(F)|clk_BUFGP         |   0.000|
tempPCout<10>|    9.644(F)|clk_BUFGP         |   0.000|
tempPCout<11>|    9.292(F)|clk_BUFGP         |   0.000|
tempPCout<12>|    9.470(F)|clk_BUFGP         |   0.000|
tempPCout<13>|    9.594(F)|clk_BUFGP         |   0.000|
tempPCout<14>|    9.361(F)|clk_BUFGP         |   0.000|
tempPCout<15>|    9.501(F)|clk_BUFGP         |   0.000|
tempt<0>     |    9.825(R)|clk_BUFGP         |   0.000|
tempt<1>     |   12.013(R)|clk_BUFGP         |   0.000|
tempt<2>     |   11.142(R)|clk_BUFGP         |   0.000|
tempt<3>     |    8.835(R)|clk_BUFGP         |   0.000|
-------------+------------+------------------+--------+

Clock reset to Pad
------------+------------+------------------+--------+
            | clk (edge) |                  | Clock  |
Destination |   to PAD   |Internal Clock(s) | Phase  |
------------+------------+------------------+--------+
DBUS<0>     |   21.654(R)|reset_BUFGP       |   0.000|
DBUS<1>     |   21.362(R)|reset_BUFGP       |   0.000|
DBUS<2>     |   22.187(R)|reset_BUFGP       |   0.000|
DBUS<3>     |   21.059(R)|reset_BUFGP       |   0.000|
DBUS<4>     |   21.038(R)|reset_BUFGP       |   0.000|
DBUS<5>     |   21.341(R)|reset_BUFGP       |   0.000|
DBUS<6>     |   20.747(R)|reset_BUFGP       |   0.000|
DBUS<7>     |   20.467(R)|reset_BUFGP       |   0.000|
DBUS<8>     |   17.846(R)|reset_BUFGP       |   0.000|
DBUS<9>     |   17.883(R)|reset_BUFGP       |   0.000|
DBUS<10>    |   17.876(R)|reset_BUFGP       |   0.000|
DBUS<11>    |   17.636(R)|reset_BUFGP       |   0.000|
DBUS<12>    |   17.897(R)|reset_BUFGP       |   0.000|
DBUS<13>    |   18.219(R)|reset_BUFGP       |   0.000|
DBUS<14>    |   18.152(R)|reset_BUFGP       |   0.000|
DBUS<15>    |   18.473(R)|reset_BUFGP       |   0.000|
nBLE        |   19.134(R)|reset_BUFGP       |   0.000|
nMREQ       |   18.033(R)|reset_BUFGP       |   0.000|
nRD         |   17.107(R)|reset_BUFGP       |   0.000|
nWR         |   20.190(R)|reset_BUFGP       |   0.000|
------------+------------+------------------+--------+

Clock to Setup on destination clock clk
---------------+---------+---------+---------+---------+
               | Src:Rise| Src:Fall| Src:Rise| Src:Fall|
Source Clock   |Dest:Rise|Dest:Rise|Dest:Fall|Dest:Fall|
---------------+---------+---------+---------+---------+
clk            |    3.508|         |    3.421|    5.426|
---------------+---------+---------+---------+---------+

Clock to Setup on destination clock reset
---------------+---------+---------+---------+---------+
               | Src:Rise| Src:Fall| Src:Rise| Src:Fall|
Source Clock   |Dest:Rise|Dest:Rise|Dest:Fall|Dest:Fall|
---------------+---------+---------+---------+---------+
clk            |    5.259|         |         |         |
reset          |    6.738|         |         |         |
---------------+---------+---------+---------+---------+


Analysis completed Wed Dec 04 17:43:40 2013
--------------------------------------------------------------------------------

Trace Settings:
-------------------------
Trace Settings 

Peak Memory Usage: 126 MB



